<?xml version="1.0" encoding="utf-8"?><testsuites name="pytest tests"><testsuite name="pytest" errors="0" failures="0" skipped="0" tests="10" time="5.679" timestamp="2026-08-13T05:37:35.351635+00:00" hostname="agent-env-6a5a4228-856c-435a-9735-832a8c1fd2f3"><testcase classname="backend.tests.test_ai_quote" name="test_status_ready" time="0.218" /><testcase classname="backend.tests.test_ai_quote" name="test_estimate_requires_files" time="0.510" /><testcase classname="backend.tests.test_ai_quote" name="test_estimate_rejects_non_image" time="0.099" /><testcase classname="backend.tests.test_ai_quote" name="test_estimate_unknown_client" time="0.132" /><testcase classname="backend.tests.test_ai_quote" name="test_estimate_happy_path" time="3.855" /><testcase classname="backend.tests.test_ai_quote" name="test_list_estimates_by_client" time="0.104" /><testcase classname="backend.tests.test_ai_quote" name="test_get_estimate_by_id" time="0.096" /><testcase classname="backend.tests.test_ai_quote" name="test_get_estimate_not_found" time="0.125" /><testcase classname="backend.tests.test_ai_quote" name="test_get_file_serves_image" time="0.375" /><testcase classname="backend.tests.test_ai_quote" name="test_matching_service_requests_still_ok" time="0.097" /></testsuite></testsuites>