<?xml version="1.0" encoding="utf-8"?><testsuites name="pytest tests"><testsuite name="pytest" errors="0" failures="0" skipped="0" tests="14" time="2.494" timestamp="2026-08-15T06:22:53.828389+00:00" hostname="agent-env-6a5a4228-856c-435a-9735-832a8c1fd2f3"><testcase classname="backend.tests.test_milestones" name="test_status" time="0.285" /><testcase classname="backend.tests.test_milestones" name="test_create_plan_duplicate_rejected" time="0.407" /><testcase classname="backend.tests.test_milestones" name="test_release_before_submit_returns_409" time="0.058" /><testcase classname="backend.tests.test_milestones" name="test_submit_with_foreign_provider_returns_403" time="0.190" /><testcase classname="backend.tests.test_milestones" name="test_submit_evidence_ok" time="0.378" /><testcase classname="backend.tests.test_milestones" name="test_get_file_ok" time="0.267" /><testcase classname="backend.tests.test_milestones" name="test_get_file_outside_prefix_404" time="0.129" /><testcase classname="backend.tests.test_milestones" name="test_release_with_foreign_client_returns_403" time="0.047" /><testcase classname="backend.tests.test_milestones" name="test_release_first_milestone" time="0.049" /><testcase classname="backend.tests.test_milestones" name="test_submit_and_release_second_milestone_completes_plan" time="0.404" /><testcase classname="backend.tests.test_milestones" name="test_list_plans_by_client" time="0.050" /><testcase classname="backend.tests.test_milestones" name="test_list_plans_by_provider" time="0.055" /><testcase classname="backend.tests.test_milestones" name="test_provider_dashboard" time="0.052" /><testcase classname="backend.tests.test_milestones" name="test_provider_dashboard_404" time="0.048" /></testsuite></testsuites>