<?xml version="1.0" encoding="utf-8"?><testsuites name="pytest tests"><testsuite name="pytest" errors="0" failures="0" skipped="0" tests="13" time="1.558" timestamp="2026-08-13T04:59:17.217052+00:00" hostname="agent-env-6a5a4228-856c-435a-9735-832a8c1fd2f3"><testcase classname="backend.tests.test_recurring" name="test_status" time="0.178" /><testcase classname="backend.tests.test_recurring" name="test_create_subscription_defaults_to_today" time="0.090" /><testcase classname="backend.tests.test_recurring" name="test_create_subscription_with_start_date" time="0.046" /><testcase classname="backend.tests.test_recurring" name="test_create_subscription_provider_rejected" time="0.089" /><testcase classname="backend.tests.test_recurring" name="test_create_subscription_invalid_client" time="0.043" /><testcase classname="backend.tests.test_recurring" name="test_create_subscription_invalid_category" time="0.044" /><testcase classname="backend.tests.test_recurring" name="test_list_subscriptions_filtered_by_client" time="0.049" /><testcase classname="backend.tests.test_recurring" name="test_generate_occurrence_weekly" time="0.183" /><testcase classname="backend.tests.test_recurring" name="test_generate_occurrence_biweekly" time="0.093" /><testcase classname="backend.tests.test_recurring" name="test_generate_occurrence_monthly" time="0.094" /><testcase classname="backend.tests.test_recurring" name="test_pause_resume_cancel_flow" time="0.466" /><testcase classname="backend.tests.test_recurring" name="test_regression_create_service_request" time="0.046" /><testcase classname="backend.tests.test_recurring" name="test_subscription_not_found" time="0.042" /></testsuite></testsuites>